Determining if the pthread_create exist failed with the following output:
Change Dir: /home/aman/hrwros_ws/build/flexbe_behaviors/CMakeFiles/CMakeTmp

Run Build Command:"/usr/bin/make" "cmTC_dff3e/fast"
/usr/bin/make -f CMakeFiles/cmTC_dff3e.dir/build.make CMakeFiles/cmTC_dff3e.dir/build
make[1]: Entering directory '/home/aman/hrwros_ws/build/flexbe_behaviors/CMakeFiles/CMakeTmp'
Building C object CMakeFiles/cmTC_dff3e.dir/CheckSymbolExists.c.o
/usr/bin/cc    -o CMakeFiles/cmTC_dff3e.dir/CheckSymbolExists.c.o   -c /home/aman/hrwros_ws/build/flexbe_behaviors/CMakeFiles/CMakeTmp/CheckSymbolExists.c
Linking C executable cmTC_dff3e
/usr/bin/cmake -E cmake_link_script CMakeFiles/cmTC_dff3e.dir/link.txt --verbose=1
/usr/bin/cc      -rdynamic CMakeFiles/cmTC_dff3e.dir/CheckSymbolExists.c.o  -o cmTC_dff3e 
CMakeFiles/cmTC_dff3e.dir/CheckSymbolExists.c.o: In function `main':
CheckSymbolExists.c:(.text+0x1b): undefined reference to `pthread_create'
collect2: error: ld returned 1 exit status
CMakeFiles/cmTC_dff3e.dir/build.make:97: recipe for target 'cmTC_dff3e' failed
make[1]: *** [cmTC_dff3e] Error 1
make[1]: Leaving directory '/home/aman/hrwros_ws/build/flexbe_behaviors/CMakeFiles/CMakeTmp'
Makefile:126: recipe for target 'cmTC_dff3e/fast' failed
make: *** [cmTC_dff3e/fast] Error 2

File /home/aman/hrwros_ws/build/flexbe_behaviors/CMakeFiles/CMakeTmp/CheckSymbolExists.c:
/* */
#include <pthread.h>

int main(int argc, char** argv)
{
  (void)argv;
#ifndef pthread_create
  return ((int*)(&pthread_create))[argc];
#else
  (void)argc;
  return 0;
#endif
}

Determining if the function pthread_create exists in the pthreads failed with the following output:
Change Dir: /home/aman/hrwros_ws/build/flexbe_behaviors/CMakeFiles/CMakeTmp

Run Build Command:"/usr/bin/make" "cmTC_7da7f/fast"
/usr/bin/make -f CMakeFiles/cmTC_7da7f.dir/build.make CMakeFiles/cmTC_7da7f.dir/build
make[1]: Entering directory '/home/aman/hrwros_ws/build/flexbe_behaviors/CMakeFiles/CMakeTmp'
Building C object CMakeFiles/cmTC_7da7f.dir/CheckFunctionExists.c.o
/usr/bin/cc   -DCHECK_FUNCTION_EXISTS=pthread_create   -o CMakeFiles/cmTC_7da7f.dir/CheckFunctionExists.c.o   -c /usr/share/cmake-3.10/Modules/CheckFunctionExists.c
Linking C executable cmTC_7da7f
/usr/bin/cmake -E cmake_link_script CMakeFiles/cmTC_7da7f.dir/link.txt --verbose=1
/usr/bin/cc  -DCHECK_FUNCTION_EXISTS=pthread_create    -rdynamic CMakeFiles/cmTC_7da7f.dir/CheckFunctionExists.c.o  -o cmTC_7da7f -lpthreads 
/usr/bin/ld: cannot find -lpthreads
collect2: error: ld returned 1 exit status
CMakeFiles/cmTC_7da7f.dir/build.make:97: recipe for target 'cmTC_7da7f' failed
make[1]: *** [cmTC_7da7f] Error 1
make[1]: Leaving directory '/home/aman/hrwros_ws/build/flexbe_behaviors/CMakeFiles/CMakeTmp'
Makefile:126: recipe for target 'cmTC_7da7f/fast' failed
make: *** [cmTC_7da7f/fast] Error 2


