Determining if the pthread_create exist failed with the following output:
Change Dir: /home/aman/hrwros_ws/build/hrwros_week4/CMakeFiles/CMakeTmp

Run Build Command:"/usr/bin/make" "cmTC_38e9b/fast"
/usr/bin/make -f CMakeFiles/cmTC_38e9b.dir/build.make CMakeFiles/cmTC_38e9b.dir/build
make[1]: Entering directory '/home/aman/hrwros_ws/build/hrwros_week4/CMakeFiles/CMakeTmp'
Building C object CMakeFiles/cmTC_38e9b.dir/CheckSymbolExists.c.o
/usr/bin/cc    -o CMakeFiles/cmTC_38e9b.dir/CheckSymbolExists.c.o   -c /home/aman/hrwros_ws/build/hrwros_week4/CMakeFiles/CMakeTmp/CheckSymbolExists.c
Linking C executable cmTC_38e9b
/usr/bin/cmake -E cmake_link_script CMakeFiles/cmTC_38e9b.dir/link.txt --verbose=1
/usr/bin/cc      -rdynamic CMakeFiles/cmTC_38e9b.dir/CheckSymbolExists.c.o  -o cmTC_38e9b 
CMakeFiles/cmTC_38e9b.dir/CheckSymbolExists.c.o: In function `main':
CheckSymbolExists.c:(.text+0x1b): undefined reference to `pthread_create'
collect2: error: ld returned 1 exit status
CMakeFiles/cmTC_38e9b.dir/build.make:97: recipe for target 'cmTC_38e9b' failed
make[1]: *** [cmTC_38e9b] Error 1
make[1]: Leaving directory '/home/aman/hrwros_ws/build/hrwros_week4/CMakeFiles/CMakeTmp'
Makefile:126: recipe for target 'cmTC_38e9b/fast' failed
make: *** [cmTC_38e9b/fast] Error 2

File /home/aman/hrwros_ws/build/hrwros_week4/CMakeFiles/CMakeTmp/CheckSymbolExists.c:
/* */
#include <pthread.h>

int main(int argc, char** argv)
{
  (void)argv;
#ifndef pthread_create
  return ((int*)(&pthread_create))[argc];
#else
  (void)argc;
  return 0;
#endif
}

Determining if the function pthread_create exists in the pthreads failed with the following output:
Change Dir: /home/aman/hrwros_ws/build/hrwros_week4/CMakeFiles/CMakeTmp

Run Build Command:"/usr/bin/make" "cmTC_56998/fast"
/usr/bin/make -f CMakeFiles/cmTC_56998.dir/build.make CMakeFiles/cmTC_56998.dir/build
make[1]: Entering directory '/home/aman/hrwros_ws/build/hrwros_week4/CMakeFiles/CMakeTmp'
Building C object CMakeFiles/cmTC_56998.dir/CheckFunctionExists.c.o
/usr/bin/cc   -DCHECK_FUNCTION_EXISTS=pthread_create   -o CMakeFiles/cmTC_56998.dir/CheckFunctionExists.c.o   -c /usr/share/cmake-3.10/Modules/CheckFunctionExists.c
Linking C executable cmTC_56998
/usr/bin/cmake -E cmake_link_script CMakeFiles/cmTC_56998.dir/link.txt --verbose=1
/usr/bin/cc  -DCHECK_FUNCTION_EXISTS=pthread_create    -rdynamic CMakeFiles/cmTC_56998.dir/CheckFunctionExists.c.o  -o cmTC_56998 -lpthreads 
/usr/bin/ld: cannot find -lpthreads
collect2: error: ld returned 1 exit status
CMakeFiles/cmTC_56998.dir/build.make:97: recipe for target 'cmTC_56998' failed
make[1]: *** [cmTC_56998] Error 1
make[1]: Leaving directory '/home/aman/hrwros_ws/build/hrwros_week4/CMakeFiles/CMakeTmp'
Makefile:126: recipe for target 'cmTC_56998/fast' failed
make: *** [cmTC_56998/fast] Error 2


