Determining if the pthread_create exist failed with the following output:
Change Dir: /home/aman/hrwros_ws/build/hrwros_week2/CMakeFiles/CMakeTmp

Run Build Command:"/usr/bin/make" "cmTC_899f8/fast"
/usr/bin/make -f CMakeFiles/cmTC_899f8.dir/build.make CMakeFiles/cmTC_899f8.dir/build
make[1]: Entering directory '/home/aman/hrwros_ws/build/hrwros_week2/CMakeFiles/CMakeTmp'
Building C object CMakeFiles/cmTC_899f8.dir/CheckSymbolExists.c.o
/usr/bin/cc    -o CMakeFiles/cmTC_899f8.dir/CheckSymbolExists.c.o   -c /home/aman/hrwros_ws/build/hrwros_week2/CMakeFiles/CMakeTmp/CheckSymbolExists.c
Linking C executable cmTC_899f8
/usr/bin/cmake -E cmake_link_script CMakeFiles/cmTC_899f8.dir/link.txt --verbose=1
/usr/bin/cc      -rdynamic CMakeFiles/cmTC_899f8.dir/CheckSymbolExists.c.o  -o cmTC_899f8 
CMakeFiles/cmTC_899f8.dir/CheckSymbolExists.c.o: In function `main':
CheckSymbolExists.c:(.text+0x1b): undefined reference to `pthread_create'
collect2: error: ld returned 1 exit status
CMakeFiles/cmTC_899f8.dir/build.make:97: recipe for target 'cmTC_899f8' failed
make[1]: *** [cmTC_899f8] Error 1
make[1]: Leaving directory '/home/aman/hrwros_ws/build/hrwros_week2/CMakeFiles/CMakeTmp'
Makefile:126: recipe for target 'cmTC_899f8/fast' failed
make: *** [cmTC_899f8/fast] Error 2

File /home/aman/hrwros_ws/build/hrwros_week2/CMakeFiles/CMakeTmp/CheckSymbolExists.c:
/* */
#include <pthread.h>

int main(int argc, char** argv)
{
  (void)argv;
#ifndef pthread_create
  return ((int*)(&pthread_create))[argc];
#else
  (void)argc;
  return 0;
#endif
}

Determining if the function pthread_create exists in the pthreads failed with the following output:
Change Dir: /home/aman/hrwros_ws/build/hrwros_week2/CMakeFiles/CMakeTmp

Run Build Command:"/usr/bin/make" "cmTC_647bc/fast"
/usr/bin/make -f CMakeFiles/cmTC_647bc.dir/build.make CMakeFiles/cmTC_647bc.dir/build
make[1]: Entering directory '/home/aman/hrwros_ws/build/hrwros_week2/CMakeFiles/CMakeTmp'
Building C object CMakeFiles/cmTC_647bc.dir/CheckFunctionExists.c.o
/usr/bin/cc   -DCHECK_FUNCTION_EXISTS=pthread_create   -o CMakeFiles/cmTC_647bc.dir/CheckFunctionExists.c.o   -c /usr/share/cmake-3.10/Modules/CheckFunctionExists.c
Linking C executable cmTC_647bc
/usr/bin/cmake -E cmake_link_script CMakeFiles/cmTC_647bc.dir/link.txt --verbose=1
/usr/bin/cc  -DCHECK_FUNCTION_EXISTS=pthread_create    -rdynamic CMakeFiles/cmTC_647bc.dir/CheckFunctionExists.c.o  -o cmTC_647bc -lpthreads 
/usr/bin/ld: cannot find -lpthreads
collect2: error: ld returned 1 exit status
CMakeFiles/cmTC_647bc.dir/build.make:97: recipe for target 'cmTC_647bc' failed
make[1]: *** [cmTC_647bc] Error 1
make[1]: Leaving directory '/home/aman/hrwros_ws/build/hrwros_week2/CMakeFiles/CMakeTmp'
Makefile:126: recipe for target 'cmTC_647bc/fast' failed
make: *** [cmTC_647bc/fast] Error 2


