Determining if the pthread_create exist failed with the following output:
Change Dir: /home/aman/hrwros_ws/build/hrwros_support/CMakeFiles/CMakeTmp

Run Build Command:"/usr/bin/make" "cmTC_14647/fast"
/usr/bin/make -f CMakeFiles/cmTC_14647.dir/build.make CMakeFiles/cmTC_14647.dir/build
make[1]: Entering directory '/home/aman/hrwros_ws/build/hrwros_support/CMakeFiles/CMakeTmp'
Building C object CMakeFiles/cmTC_14647.dir/CheckSymbolExists.c.o
/usr/bin/cc    -o CMakeFiles/cmTC_14647.dir/CheckSymbolExists.c.o   -c /home/aman/hrwros_ws/build/hrwros_support/CMakeFiles/CMakeTmp/CheckSymbolExists.c
Linking C executable cmTC_14647
/usr/bin/cmake -E cmake_link_script CMakeFiles/cmTC_14647.dir/link.txt --verbose=1
/usr/bin/cc      -rdynamic CMakeFiles/cmTC_14647.dir/CheckSymbolExists.c.o  -o cmTC_14647 
CMakeFiles/cmTC_14647.dir/CheckSymbolExists.c.o: In function `main':
CheckSymbolExists.c:(.text+0x1b): undefined reference to `pthread_create'
collect2: error: ld returned 1 exit status
CMakeFiles/cmTC_14647.dir/build.make:97: recipe for target 'cmTC_14647' failed
make[1]: *** [cmTC_14647] Error 1
make[1]: Leaving directory '/home/aman/hrwros_ws/build/hrwros_support/CMakeFiles/CMakeTmp'
Makefile:126: recipe for target 'cmTC_14647/fast' failed
make: *** [cmTC_14647/fast] Error 2

File /home/aman/hrwros_ws/build/hrwros_support/CMakeFiles/CMakeTmp/CheckSymbolExists.c:
/* */
#include <pthread.h>

int main(int argc, char** argv)
{
  (void)argv;
#ifndef pthread_create
  return ((int*)(&pthread_create))[argc];
#else
  (void)argc;
  return 0;
#endif
}

Determining if the function pthread_create exists in the pthreads failed with the following output:
Change Dir: /home/aman/hrwros_ws/build/hrwros_support/CMakeFiles/CMakeTmp

Run Build Command:"/usr/bin/make" "cmTC_09178/fast"
/usr/bin/make -f CMakeFiles/cmTC_09178.dir/build.make CMakeFiles/cmTC_09178.dir/build
make[1]: Entering directory '/home/aman/hrwros_ws/build/hrwros_support/CMakeFiles/CMakeTmp'
Building C object CMakeFiles/cmTC_09178.dir/CheckFunctionExists.c.o
/usr/bin/cc   -DCHECK_FUNCTION_EXISTS=pthread_create   -o CMakeFiles/cmTC_09178.dir/CheckFunctionExists.c.o   -c /usr/share/cmake-3.10/Modules/CheckFunctionExists.c
Linking C executable cmTC_09178
/usr/bin/cmake -E cmake_link_script CMakeFiles/cmTC_09178.dir/link.txt --verbose=1
/usr/bin/cc  -DCHECK_FUNCTION_EXISTS=pthread_create    -rdynamic CMakeFiles/cmTC_09178.dir/CheckFunctionExists.c.o  -o cmTC_09178 -lpthreads 
/usr/bin/ld: cannot find -lpthreads
collect2: error: ld returned 1 exit status
CMakeFiles/cmTC_09178.dir/build.make:97: recipe for target 'cmTC_09178' failed
make[1]: *** [cmTC_09178] Error 1
make[1]: Leaving directory '/home/aman/hrwros_ws/build/hrwros_support/CMakeFiles/CMakeTmp'
Makefile:126: recipe for target 'cmTC_09178/fast' failed
make: *** [cmTC_09178/fast] Error 2


