Determining if the pthread_create exist failed with the following output:
Change Dir: /home/aman/hrwros_ws/build/hrwros_week1/CMakeFiles/CMakeTmp

Run Build Command:"/usr/bin/make" "cmTC_dd25f/fast"
/usr/bin/make -f CMakeFiles/cmTC_dd25f.dir/build.make CMakeFiles/cmTC_dd25f.dir/build
make[1]: Entering directory '/home/aman/hrwros_ws/build/hrwros_week1/CMakeFiles/CMakeTmp'
Building C object CMakeFiles/cmTC_dd25f.dir/CheckSymbolExists.c.o
/usr/bin/cc    -o CMakeFiles/cmTC_dd25f.dir/CheckSymbolExists.c.o   -c /home/aman/hrwros_ws/build/hrwros_week1/CMakeFiles/CMakeTmp/CheckSymbolExists.c
Linking C executable cmTC_dd25f
/usr/bin/cmake -E cmake_link_script CMakeFiles/cmTC_dd25f.dir/link.txt --verbose=1
/usr/bin/cc      -rdynamic CMakeFiles/cmTC_dd25f.dir/CheckSymbolExists.c.o  -o cmTC_dd25f 
CMakeFiles/cmTC_dd25f.dir/CheckSymbolExists.c.o: In function `main':
CheckSymbolExists.c:(.text+0x1b): undefined reference to `pthread_create'
collect2: error: ld returned 1 exit status
CMakeFiles/cmTC_dd25f.dir/build.make:97: recipe for target 'cmTC_dd25f' failed
make[1]: *** [cmTC_dd25f] Error 1
make[1]: Leaving directory '/home/aman/hrwros_ws/build/hrwros_week1/CMakeFiles/CMakeTmp'
Makefile:126: recipe for target 'cmTC_dd25f/fast' failed
make: *** [cmTC_dd25f/fast] Error 2

File /home/aman/hrwros_ws/build/hrwros_week1/CMakeFiles/CMakeTmp/CheckSymbolExists.c:
/* */
#include <pthread.h>

int main(int argc, char** argv)
{
  (void)argv;
#ifndef pthread_create
  return ((int*)(&pthread_create))[argc];
#else
  (void)argc;
  return 0;
#endif
}

Determining if the function pthread_create exists in the pthreads failed with the following output:
Change Dir: /home/aman/hrwros_ws/build/hrwros_week1/CMakeFiles/CMakeTmp

Run Build Command:"/usr/bin/make" "cmTC_6bf00/fast"
/usr/bin/make -f CMakeFiles/cmTC_6bf00.dir/build.make CMakeFiles/cmTC_6bf00.dir/build
make[1]: Entering directory '/home/aman/hrwros_ws/build/hrwros_week1/CMakeFiles/CMakeTmp'
Building C object CMakeFiles/cmTC_6bf00.dir/CheckFunctionExists.c.o
/usr/bin/cc   -DCHECK_FUNCTION_EXISTS=pthread_create   -o CMakeFiles/cmTC_6bf00.dir/CheckFunctionExists.c.o   -c /usr/share/cmake-3.10/Modules/CheckFunctionExists.c
Linking C executable cmTC_6bf00
/usr/bin/cmake -E cmake_link_script CMakeFiles/cmTC_6bf00.dir/link.txt --verbose=1
/usr/bin/cc  -DCHECK_FUNCTION_EXISTS=pthread_create    -rdynamic CMakeFiles/cmTC_6bf00.dir/CheckFunctionExists.c.o  -o cmTC_6bf00 -lpthreads 
/usr/bin/ld: cannot find -lpthreads
collect2: error: ld returned 1 exit status
CMakeFiles/cmTC_6bf00.dir/build.make:97: recipe for target 'cmTC_6bf00' failed
make[1]: *** [cmTC_6bf00] Error 1
make[1]: Leaving directory '/home/aman/hrwros_ws/build/hrwros_week1/CMakeFiles/CMakeTmp'
Makefile:126: recipe for target 'cmTC_6bf00/fast' failed
make: *** [cmTC_6bf00/fast] Error 2


