Determining if the pthread_create exist failed with the following output:
Change Dir: /home/aman/hrwros_ws/build/behavior_pick_part_from_conveyor/CMakeFiles/CMakeTmp

Run Build Command:"/usr/bin/make" "cmTC_2050b/fast"
/usr/bin/make -f CMakeFiles/cmTC_2050b.dir/build.make CMakeFiles/cmTC_2050b.dir/build
make[1]: Entering directory '/home/aman/hrwros_ws/build/behavior_pick_part_from_conveyor/CMakeFiles/CMakeTmp'
Building C object CMakeFiles/cmTC_2050b.dir/CheckSymbolExists.c.o
/usr/bin/cc    -o CMakeFiles/cmTC_2050b.dir/CheckSymbolExists.c.o   -c /home/aman/hrwros_ws/build/behavior_pick_part_from_conveyor/CMakeFiles/CMakeTmp/CheckSymbolExists.c
Linking C executable cmTC_2050b
/usr/bin/cmake -E cmake_link_script CMakeFiles/cmTC_2050b.dir/link.txt --verbose=1
/usr/bin/cc      -rdynamic CMakeFiles/cmTC_2050b.dir/CheckSymbolExists.c.o  -o cmTC_2050b 
CMakeFiles/cmTC_2050b.dir/CheckSymbolExists.c.o: In function `main':
CheckSymbolExists.c:(.text+0x1b): undefined reference to `pthread_create'
collect2: error: ld returned 1 exit status
CMakeFiles/cmTC_2050b.dir/build.make:97: recipe for target 'cmTC_2050b' failed
make[1]: *** [cmTC_2050b] Error 1
make[1]: Leaving directory '/home/aman/hrwros_ws/build/behavior_pick_part_from_conveyor/CMakeFiles/CMakeTmp'
Makefile:126: recipe for target 'cmTC_2050b/fast' failed
make: *** [cmTC_2050b/fast] Error 2

File /home/aman/hrwros_ws/build/behavior_pick_part_from_conveyor/CMakeFiles/CMakeTmp/CheckSymbolExists.c:
/* */
#include <pthread.h>

int main(int argc, char** argv)
{
  (void)argv;
#ifndef pthread_create
  return ((int*)(&pthread_create))[argc];
#else
  (void)argc;
  return 0;
#endif
}

Determining if the function pthread_create exists in the pthreads failed with the following output:
Change Dir: /home/aman/hrwros_ws/build/behavior_pick_part_from_conveyor/CMakeFiles/CMakeTmp

Run Build Command:"/usr/bin/make" "cmTC_48af2/fast"
/usr/bin/make -f CMakeFiles/cmTC_48af2.dir/build.make CMakeFiles/cmTC_48af2.dir/build
make[1]: Entering directory '/home/aman/hrwros_ws/build/behavior_pick_part_from_conveyor/CMakeFiles/CMakeTmp'
Building C object CMakeFiles/cmTC_48af2.dir/CheckFunctionExists.c.o
/usr/bin/cc   -DCHECK_FUNCTION_EXISTS=pthread_create   -o CMakeFiles/cmTC_48af2.dir/CheckFunctionExists.c.o   -c /usr/share/cmake-3.10/Modules/CheckFunctionExists.c
Linking C executable cmTC_48af2
/usr/bin/cmake -E cmake_link_script CMakeFiles/cmTC_48af2.dir/link.txt --verbose=1
/usr/bin/cc  -DCHECK_FUNCTION_EXISTS=pthread_create    -rdynamic CMakeFiles/cmTC_48af2.dir/CheckFunctionExists.c.o  -o cmTC_48af2 -lpthreads 
/usr/bin/ld: cannot find -lpthreads
collect2: error: ld returned 1 exit status
CMakeFiles/cmTC_48af2.dir/build.make:97: recipe for target 'cmTC_48af2' failed
make[1]: *** [cmTC_48af2] Error 1
make[1]: Leaving directory '/home/aman/hrwros_ws/build/behavior_pick_part_from_conveyor/CMakeFiles/CMakeTmp'
Makefile:126: recipe for target 'cmTC_48af2/fast' failed
make: *** [cmTC_48af2/fast] Error 2


